<?xml version="1.0" encoding="UTF-8"?>
<testng-results ignored="0" total="2" passed="2" failed="0" skipped="0">
  <reporter-output>
    <line>
      <![CDATA[Google]]>
    </line>
    <line>
      <![CDATA[Google]]>
    </line>
  </reporter-output>
  <suite started-at="2024-12-02T20:16:08 CET" name="Suite" finished-at="2024-12-02T20:16:22 CET" duration-ms="13688">
    <groups>
    </groups>
    <test started-at="2024-12-02T20:16:08 CET" name="Test" finished-at="2024-12-02T20:16:22 CET" duration-ms="13688">
      <class name="script.DemoTest2">
        <test-method is-config="true" signature="preCondition()[pri:0, instance:script.DemoTest2@1af2d44a]" started-at="2024-12-02T20:16:17 CET" name="preCondition" finished-at="2024-12-02T20:16:21 CET" duration-ms="4529" status="PASS">
          <reporter-output>
          </reporter-output>
        </test-method> <!-- preCondition -->
        <test-method signature="testDemo2()[pri:0, instance:script.DemoTest2@1af2d44a]" started-at="2024-12-02T20:16:21 CET" name="testDemo2" finished-at="2024-12-02T20:16:21 CET" duration-ms="24" status="PASS">
          <reporter-output>
            <line>
              <![CDATA[Google]]>
            </line>
          </reporter-output>
        </test-method> <!-- testDemo2 -->
        <test-method is-config="true" signature="postCondition()[pri:0, instance:script.DemoTest2@1af2d44a]" started-at="2024-12-02T20:16:21 CET" name="postCondition" finished-at="2024-12-02T20:16:22 CET" duration-ms="213" status="PASS">
          <reporter-output>
          </reporter-output>
        </test-method> <!-- postCondition -->
      </class> <!-- script.DemoTest2 -->
      <class name="script.DemoTest">
        <test-method is-config="true" signature="preCondition()[pri:0, instance:script.DemoTest@49c7b90e]" started-at="2024-12-02T20:16:08 CET" name="preCondition" finished-at="2024-12-02T20:16:17 CET" duration-ms="8523" status="PASS">
          <reporter-output>
          </reporter-output>
        </test-method> <!-- preCondition -->
        <test-method signature="testDemo()[pri:0, instance:script.DemoTest@49c7b90e]" started-at="2024-12-02T20:16:17 CET" name="testDemo" finished-at="2024-12-02T20:16:17 CET" duration-ms="19" status="PASS">
          <reporter-output>
            <line>
              <![CDATA[Google]]>
            </line>
          </reporter-output>
        </test-method> <!-- testDemo -->
        <test-method is-config="true" signature="postCondition()[pri:0, instance:script.DemoTest@49c7b90e]" started-at="2024-12-02T20:16:17 CET" name="postCondition" finished-at="2024-12-02T20:16:17 CET" duration-ms="301" status="PASS">
          <reporter-output>
          </reporter-output>
        </test-method> <!-- postCondition -->
      </class> <!-- script.DemoTest -->
    </test> <!-- Test -->
  </suite> <!-- Suite -->
</testng-results>
