<?xml version="1.0" encoding="UTF-8"?>
<testng-results ignored="0" total="1" passed="1" failed="0" skipped="0">
  <reporter-output>
    <line>
      <![CDATA[Read properties from:config.properties]]>
    </line>
    <line>
      <![CDATA[Open Chrome Browser in Local System]]>
    </line>
    <line>
      <![CDATA[Enter the URL:http://www.fb.com]]>
    </line>
    <line>
      <![CDATA[Maximize the browser]]>
    </line>
    <line>
      <![CDATA[Set ITO:12]]>
    </line>
    <line>
      <![CDATA[Set ETO:7]]>
    </line>
    <line>
      <![CDATA[Data from xl:admin]]>
    </line>
    <line>
      <![CDATA[Facebook – log in or sign up]]>
    </line>
    <line>
      <![CDATA[Close the browser]]>
    </line>
  </reporter-output>
  <suite started-at="2024-12-03T15:38:43 CET" name="Default suite" finished-at="2024-12-03T15:38:56 CET" duration-ms="13493">
    <groups>
    </groups>
    <test started-at="2024-12-03T15:38:43 CET" name="Default test" finished-at="2024-12-03T15:38:56 CET" duration-ms="13493">
      <class name="script.DemoTest1">
        <test-method is-config="true" signature="preCondition(java.lang.String)[pri:0, instance:script.DemoTest1@6221a451]" started-at="2024-12-03T15:38:43 CET" name="preCondition" finished-at="2024-12-03T15:38:53 CET" duration-ms="10560" status="PASS">
          <params>
            <param index="0">
              <value>
                <![CDATA[config.properties]]>
              </value>
            </param>
          </params>
          <reporter-output>
            <line>
              <![CDATA[Read properties from:config.properties]]>
            </line>
            <line>
              <![CDATA[Open Chrome Browser in Local System]]>
            </line>
            <line>
              <![CDATA[Enter the URL:http://www.fb.com]]>
            </line>
            <line>
              <![CDATA[Maximize the browser]]>
            </line>
            <line>
              <![CDATA[Set ITO:12]]>
            </line>
            <line>
              <![CDATA[Set ETO:7]]>
            </line>
          </reporter-output>
        </test-method> <!-- preCondition -->
        <test-method signature="testDemo1()[pri:0, instance:script.DemoTest1@6221a451]" started-at="2024-12-03T15:38:53 CET" name="testDemo1" finished-at="2024-12-03T15:38:56 CET" duration-ms="2488" status="PASS">
          <reporter-output>
            <line>
              <![CDATA[Data from xl:admin]]>
            </line>
            <line>
              <![CDATA[Facebook – log in or sign up]]>
            </line>
          </reporter-output>
        </test-method> <!-- testDemo1 -->
        <test-method is-config="true" signature="postCondition()[pri:0, instance:script.DemoTest1@6221a451]" started-at="2024-12-03T15:38:56 CET" name="postCondition" finished-at="2024-12-03T15:38:56 CET" duration-ms="336" status="PASS">
          <reporter-output>
            <line>
              <![CDATA[Close the browser]]>
            </line>
          </reporter-output>
        </test-method> <!-- postCondition -->
      </class> <!-- script.DemoTest1 -->
    </test> <!-- Default test -->
  </suite> <!-- Default suite -->
</testng-results>
